Build started 2/23/2012 11:19:17 AM.
     1>Project "E:\Intermediate Programming\project_1\project_1\project_1\project_1.vcxproj" on node 2 (build target(s)).
     1>InitializeBuildStatus:
         Creating "Debug\project_1.unsuccessfulbuild" because "AlwaysCreate" was specified.
       ClCompile:
         c:\Program Files\Microsoft Visual Studio 10.0\VC\bin\CL.exe /c /ZI /nologo /W3 /WX- /Od /Oy- /D WIN32 /D _DEBUG /D _CONSOLE /D _UNICODE /D UNICODE /Gm /EHsc /RTC1 /MDd /GS /fp:precise /Zc:wchar_t /Zc:forScope /Fo"Debug\\" /Fd"Debug\vc100.pdb" /Gd /TP /analyze- /errorReport:prompt class.cpp main.cpp
         main.cpp
         class.cpp
         Generating Code...
       ManifestResourceCompile:
         C:\Program Files\Microsoft SDKs\Windows\v7.0A\bin\rc.exe /nologo /fo"Debug\project_1.exe.embed.manifest.res" Debug\project_1_manifest.rc 
       Link:
         c:\Program Files\Microsoft Visual Studio 10.0\VC\bin\link.exe /ERRORREPORT:PROMPT /OUT:"E:\Intermediate Programming\project_1\project_1\Debug\project_1.exe" /INCREMENTAL /NOLOGO kernel32.lib user32.lib gdi32.lib winspool.lib comdlg32.lib advapi32.lib shell32.lib ole32.lib oleaut32.lib uuid.lib odbc32.lib odbccp32.lib /MANIFEST /ManifestFile:"Debug\project_1.exe.intermediate.manifest" /MANIFESTUAC:"level='asInvoker' uiAccess='false'" /DEBUG /PDB:"E:\Intermediate Programming\project_1\project_1\Debug\project_1.pdb" /SUBSYSTEM:CONSOLE /TLBID:1 /DYNAMICBASE /NXCOMPAT /IMPLIB:"E:\Intermediate Programming\project_1\project_1\Debug\project_1.lib" /MACHINE:X86 Debug\project_1.exe.embed.manifest.res
         Debug\class.obj
         Debug\main.obj
       Manifest:
         Deleting file "Debug\project_1.exe.embed.manifest".
         C:\Program Files\Microsoft SDKs\Windows\v7.0A\bin\mt.exe /nologo /verbose /out:"Debug\project_1.exe.embed.manifest" /manifest Debug\project_1.exe.intermediate.manifest
         C:\Program Files\Microsoft SDKs\Windows\v7.0A\bin\rc.exe /nologo /fo"Debug\project_1.exe.embed.manifest.res" Debug\project_1_manifest.rc 
       LinkEmbedManifest:
         c:\Program Files\Microsoft Visual Studio 10.0\VC\bin\link.exe /ERRORREPORT:PROMPT /OUT:"E:\Intermediate Programming\project_1\project_1\Debug\project_1.exe" /INCREMENTAL /NOLOGO kernel32.lib user32.lib gdi32.lib winspool.lib comdlg32.lib advapi32.lib shell32.lib ole32.lib oleaut32.lib uuid.lib odbc32.lib odbccp32.lib /MANIFEST /ManifestFile:"Debug\project_1.exe.intermediate.manifest" /MANIFESTUAC:"level='asInvoker' uiAccess='false'" /DEBUG /PDB:"E:\Intermediate Programming\project_1\project_1\Debug\project_1.pdb" /SUBSYSTEM:CONSOLE /TLBID:1 /DYNAMICBASE /NXCOMPAT /IMPLIB:"E:\Intermediate Programming\project_1\project_1\Debug\project_1.lib" /MACHINE:X86 Debug\project_1.exe.embed.manifest.res
         Debug\class.obj
         Debug\main.obj
         project_1.vcxproj -> E:\Intermediate Programming\project_1\project_1\Debug\project_1.exe
       FinalizeBuildStatus:
         Deleting file "Debug\project_1.unsuccessfulbuild".
         Touching "Debug\project_1.lastbuildstate".
     1>Done Building Project "E:\Intermediate Programming\project_1\project_1\project_1\project_1.vcxproj" (build target(s)).

Build succeeded.

Time Elapsed 00:01:00.15
